{"C:\\Users\\aidan\\Desktop\\Projects\\cotern\\App.js": {"path":"C:\\Users\\aidan\\Desktop\\Projects\\cotern\\App.js","statementMap":{"0":{"start":{"line":15,"column":18},"end":{"line":15,"column":44}},"1":{"start":{"line":16,"column":14},"end":{"line":16,"column":36}},"2":{"start":{"line":18,"column":32},"end":{"line":32,"column":1}},"3":{"start":{"line":19,"column":4},"end":{"line":31,"column":6}},"4":{"start":{"line":34,"column":34},"end":{"line":40,"column":1}},"5":{"start":{"line":35,"column":4},"end":{"line":39,"column":22}},"6":{"start":{"line":43,"column":22},"end":{"line":43,"column":111}},"7":{"start":{"line":43,"column":28},"end":{"line":43,"column":111}},"8":{"start":{"line":46,"column":4},"end":{"line":54,"column":6}}},"fnMap":{"0":{"name":"(anonymous_0)","decl":{"start":{"line":18,"column":32},"end":{"line":18,"column":33}},"loc":{"start":{"line":18,"column":38},"end":{"line":32,"column":1}},"line":18},"1":{"name":"(anonymous_1)","decl":{"start":{"line":34,"column":34},"end":{"line":34,"column":35}},"loc":{"start":{"line":35,"column":4},"end":{"line":39,"column":22}},"line":35},"2":{"name":"(anonymous_2)","decl":{"start":{"line":43,"column":22},"end":{"line":43,"column":23}},"loc":{"start":{"line":43,"column":28},"end":{"line":43,"column":111}},"line":43},"3":{"name":"App","decl":{"start":{"line":45,"column":24},"end":{"line":45,"column":27}},"loc":{"start":{"line":45,"column":30},"end":{"line":55,"column":1}},"line":45}},"branchMap":{"0":{"loc":{"start":{"line":43,"column":28},"end":{"line":43,"column":111}},"type":"cond-expr","locations":[{"start":{"line":43,"column":52},"end":{"line":43,"column":79}},{"start":{"line":43,"column":82},"end":{"line":43,"column":111}}],"line":43}},"s":{"0":0,"1":0,"2":0,"3":0,"4":0,"5":0,"6":0,"7":0,"8":0},"f":{"0":0,"1":0,"2":0,"3":0},"b":{"0":[0,0]}}
,"C:\\Users\\aidan\\Desktop\\Projects\\cotern\\firebase.Config.js": {"path":"C:\\Users\\aidan\\Desktop\\Projects\\cotern\\firebase.Config.js","statementMap":{"0":{"start":{"line":16,"column":23},"end":{"line":25,"column":1}},"1":{"start":{"line":27,"column":12},"end":{"line":27,"column":41}},"2":{"start":{"line":29,"column":22},"end":{"line":31,"column":2}},"3":{"start":{"line":32,"column":27},"end":{"line":32,"column":44}}},"fnMap":{},"branchMap":{},"s":{"0":0,"1":0,"2":0,"3":0},"f":{},"b":{}}
,"C:\\Users\\aidan\\Desktop\\Projects\\cotern\\metro.config.js": {"path":"C:\\Users\\aidan\\Desktop\\Projects\\cotern\\metro.config.js","statementMap":{"0":{"start":{"line":1,"column":29},"end":{"line":1,"column":58}},"1":{"start":{"line":3,"column":22},"end":{"line":3,"column":49}},"2":{"start":{"line":4,"column":0},"end":{"line":4,"column":46}},"3":{"start":{"line":6,"column":0},"end":{"line":6,"column":31}}},"fnMap":{},"branchMap":{},"s":{"0":0,"1":0,"2":0,"3":0},"f":{},"b":{}}
,"C:\\Users\\aidan\\Desktop\\Projects\\cotern\\tailwind.config.js": {"path":"C:\\Users\\aidan\\Desktop\\Projects\\cotern\\tailwind.config.js","statementMap":{"0":{"start":{"line":2,"column":0},"end":{"line":19,"column":1}}},"fnMap":{},"branchMap":{},"s":{"0":0},"f":{},"b":{}}
,"C:\\Users\\aidan\\Desktop\\Projects\\cotern\\.expo\\metro\\polyfill.js": {"path":"C:\\Users\\aidan\\Desktop\\Projects\\cotern\\.expo\\metro\\polyfill.js","statementMap":{"0":{"start":{"line":1,"column":0},"end":{"line":1,"column":81}},"1":{"start":{"line":1,"column":76},"end":{"line":1,"column":80}}},"fnMap":{"0":{"name":"(anonymous_0)","decl":{"start":{"line":1,"column":70},"end":{"line":1,"column":71}},"loc":{"start":{"line":1,"column":76},"end":{"line":1,"column":80}},"line":1}},"branchMap":{"0":{"loc":{"start":{"line":1,"column":28},"end":{"line":1,"column":80}},"type":"cond-expr","locations":[{"start":{"line":1,"column":60},"end":{"line":1,"column":67}},{"start":{"line":1,"column":70},"end":{"line":1,"column":80}}],"line":1}},"s":{"0":0,"1":0},"f":{"0":0},"b":{"0":[0,0]}}
,"C:\\Users\\aidan\\Desktop\\Projects\\cotern\\.expo\\metro\\polyfill.native.js": {"path":"C:\\Users\\aidan\\Desktop\\Projects\\cotern\\.expo\\metro\\polyfill.native.js","statementMap":{"0":{"start":{"line":1,"column":0},"end":{"line":1,"column":155}},"1":{"start":{"line":1,"column":43},"end":{"line":1,"column":154}}},"fnMap":{"0":{"name":"(anonymous_0)","decl":{"start":{"line":1,"column":28},"end":{"line":1,"column":29}},"loc":{"start":{"line":1,"column":42},"end":{"line":1,"column":155}},"line":1}},"branchMap":{},"s":{"0":0,"1":0},"f":{"0":0},"b":{}}
,"C:\\Users\\aidan\\Desktop\\Projects\\cotern\\.expo\\metro\\externals\\assert\\index.js": {"path":"C:\\Users\\aidan\\Desktop\\Projects\\cotern\\.expo\\metro\\externals\\assert\\index.js","statementMap":{"0":{"start":{"line":1,"column":0},"end":{"line":1,"column":51}}},"fnMap":{},"branchMap":{},"s":{"0":0},"f":{},"b":{}}
,"C:\\Users\\aidan\\Desktop\\Projects\\cotern\\.expo\\metro\\externals\\async_hooks\\index.js": {"path":"C:\\Users\\aidan\\Desktop\\Projects\\cotern\\.expo\\metro\\externals\\async_hooks\\index.js","statementMap":{"0":{"start":{"line":1,"column":0},"end":{"line":1,"column":56}}},"fnMap":{},"branchMap":{},"s":{"0":0},"f":{},"b":{}}
,"C:\\Users\\aidan\\Desktop\\Projects\\cotern\\.expo\\metro\\externals\\buffer\\index.js": {"path":"C:\\Users\\aidan\\Desktop\\Projects\\cotern\\.expo\\metro\\externals\\buffer\\index.js","statementMap":{"0":{"start":{"line":1,"column":0},"end":{"line":1,"column":51}}},"fnMap":{},"branchMap":{},"s":{"0":0},"f":{},"b":{}}
,"C:\\Users\\aidan\\Desktop\\Projects\\cotern\\.expo\\metro\\externals\\child_process\\index.js": {"path":"C:\\Users\\aidan\\Desktop\\Projects\\cotern\\.expo\\metro\\externals\\child_process\\index.js","statementMap":{"0":{"start":{"line":1,"column":0},"end":{"line":1,"column":58}}},"fnMap":{},"branchMap":{},"s":{"0":0},"f":{},"b":{}}
,"C:\\Users\\aidan\\Desktop\\Projects\\cotern\\.expo\\metro\\externals\\cluster\\index.js": {"path":"C:\\Users\\aidan\\Desktop\\Projects\\cotern\\.expo\\metro\\externals\\cluster\\index.js","statementMap":{"0":{"start":{"line":1,"column":0},"end":{"line":1,"column":52}}},"fnMap":{},"branchMap":{},"s":{"0":0},"f":{},"b":{}}
,"C:\\Users\\aidan\\Desktop\\Projects\\cotern\\.expo\\metro\\externals\\console\\index.js": {"path":"C:\\Users\\aidan\\Desktop\\Projects\\cotern\\.expo\\metro\\externals\\console\\index.js","statementMap":{"0":{"start":{"line":1,"column":0},"end":{"line":1,"column":52}}},"fnMap":{},"branchMap":{},"s":{"0":0},"f":{},"b":{}}
,"C:\\Users\\aidan\\Desktop\\Projects\\cotern\\.expo\\metro\\externals\\constants\\index.js": {"path":"C:\\Users\\aidan\\Desktop\\Projects\\cotern\\.expo\\metro\\externals\\constants\\index.js","statementMap":{"0":{"start":{"line":1,"column":0},"end":{"line":1,"column":54}}},"fnMap":{},"branchMap":{},"s":{"0":0},"f":{},"b":{}}
,"C:\\Users\\aidan\\Desktop\\Projects\\cotern\\.expo\\metro\\externals\\crypto\\index.js": {"path":"C:\\Users\\aidan\\Desktop\\Projects\\cotern\\.expo\\metro\\externals\\crypto\\index.js","statementMap":{"0":{"start":{"line":1,"column":0},"end":{"line":1,"column":51}}},"fnMap":{},"branchMap":{},"s":{"0":0},"f":{},"b":{}}
,"C:\\Users\\aidan\\Desktop\\Projects\\cotern\\.expo\\metro\\externals\\dgram\\index.js": {"path":"C:\\Users\\aidan\\Desktop\\Projects\\cotern\\.expo\\metro\\externals\\dgram\\index.js","statementMap":{"0":{"start":{"line":1,"column":0},"end":{"line":1,"column":50}}},"fnMap":{},"branchMap":{},"s":{"0":0},"f":{},"b":{}}
,"C:\\Users\\aidan\\Desktop\\Projects\\cotern\\.expo\\metro\\externals\\diagnostics_channel\\index.js": {"path":"C:\\Users\\aidan\\Desktop\\Projects\\cotern\\.expo\\metro\\externals\\diagnostics_channel\\index.js","statementMap":{"0":{"start":{"line":1,"column":0},"end":{"line":1,"column":64}}},"fnMap":{},"branchMap":{},"s":{"0":0},"f":{},"b":{}}
,"C:\\Users\\aidan\\Desktop\\Projects\\cotern\\.expo\\metro\\externals\\dns\\index.js": {"path":"C:\\Users\\aidan\\Desktop\\Projects\\cotern\\.expo\\metro\\externals\\dns\\index.js","statementMap":{"0":{"start":{"line":1,"column":0},"end":{"line":1,"column":48}}},"fnMap":{},"branchMap":{},"s":{"0":0},"f":{},"b":{}}
,"C:\\Users\\aidan\\Desktop\\Projects\\cotern\\.expo\\metro\\externals\\domain\\index.js": {"path":"C:\\Users\\aidan\\Desktop\\Projects\\cotern\\.expo\\metro\\externals\\domain\\index.js","statementMap":{"0":{"start":{"line":1,"column":0},"end":{"line":1,"column":51}}},"fnMap":{},"branchMap":{},"s":{"0":0},"f":{},"b":{}}
,"C:\\Users\\aidan\\Desktop\\Projects\\cotern\\.expo\\metro\\externals\\events\\index.js": {"path":"C:\\Users\\aidan\\Desktop\\Projects\\cotern\\.expo\\metro\\externals\\events\\index.js","statementMap":{"0":{"start":{"line":1,"column":0},"end":{"line":1,"column":51}}},"fnMap":{},"branchMap":{},"s":{"0":0},"f":{},"b":{}}
,"C:\\Users\\aidan\\Desktop\\Projects\\cotern\\.expo\\metro\\externals\\fs\\index.js": {"path":"C:\\Users\\aidan\\Desktop\\Projects\\cotern\\.expo\\metro\\externals\\fs\\index.js","statementMap":{"0":{"start":{"line":1,"column":0},"end":{"line":1,"column":47}}},"fnMap":{},"branchMap":{},"s":{"0":0},"f":{},"b":{}}
,"C:\\Users\\aidan\\Desktop\\Projects\\cotern\\.expo\\metro\\externals\\fs\\promises\\index.js": {"path":"C:\\Users\\aidan\\Desktop\\Projects\\cotern\\.expo\\metro\\externals\\fs\\promises\\index.js","statementMap":{"0":{"start":{"line":1,"column":0},"end":{"line":1,"column":56}}},"fnMap":{},"branchMap":{},"s":{"0":0},"f":{},"b":{}}
,"C:\\Users\\aidan\\Desktop\\Projects\\cotern\\.expo\\metro\\externals\\http\\index.js": {"path":"C:\\Users\\aidan\\Desktop\\Projects\\cotern\\.expo\\metro\\externals\\http\\index.js","statementMap":{"0":{"start":{"line":1,"column":0},"end":{"line":1,"column":49}}},"fnMap":{},"branchMap":{},"s":{"0":0},"f":{},"b":{}}
,"C:\\Users\\aidan\\Desktop\\Projects\\cotern\\.expo\\metro\\externals\\http2\\index.js": {"path":"C:\\Users\\aidan\\Desktop\\Projects\\cotern\\.expo\\metro\\externals\\http2\\index.js","statementMap":{"0":{"start":{"line":1,"column":0},"end":{"line":1,"column":50}}},"fnMap":{},"branchMap":{},"s":{"0":0},"f":{},"b":{}}
,"C:\\Users\\aidan\\Desktop\\Projects\\cotern\\.expo\\metro\\externals\\https\\index.js": {"path":"C:\\Users\\aidan\\Desktop\\Projects\\cotern\\.expo\\metro\\externals\\https\\index.js","statementMap":{"0":{"start":{"line":1,"column":0},"end":{"line":1,"column":50}}},"fnMap":{},"branchMap":{},"s":{"0":0},"f":{},"b":{}}
,"C:\\Users\\aidan\\Desktop\\Projects\\cotern\\.expo\\metro\\externals\\inspector\\index.js": {"path":"C:\\Users\\aidan\\Desktop\\Projects\\cotern\\.expo\\metro\\externals\\inspector\\index.js","statementMap":{"0":{"start":{"line":1,"column":0},"end":{"line":1,"column":54}}},"fnMap":{},"branchMap":{},"s":{"0":0},"f":{},"b":{}}
,"C:\\Users\\aidan\\Desktop\\Projects\\cotern\\.expo\\metro\\externals\\module\\index.js": {"path":"C:\\Users\\aidan\\Desktop\\Projects\\cotern\\.expo\\metro\\externals\\module\\index.js","statementMap":{"0":{"start":{"line":1,"column":0},"end":{"line":1,"column":51}}},"fnMap":{},"branchMap":{},"s":{"0":0},"f":{},"b":{}}
,"C:\\Users\\aidan\\Desktop\\Projects\\cotern\\.expo\\metro\\externals\\net\\index.js": {"path":"C:\\Users\\aidan\\Desktop\\Projects\\cotern\\.expo\\metro\\externals\\net\\index.js","statementMap":{"0":{"start":{"line":1,"column":0},"end":{"line":1,"column":48}}},"fnMap":{},"branchMap":{},"s":{"0":0},"f":{},"b":{}}
,"C:\\Users\\aidan\\Desktop\\Projects\\cotern\\.expo\\metro\\externals\\os\\index.js": {"path":"C:\\Users\\aidan\\Desktop\\Projects\\cotern\\.expo\\metro\\externals\\os\\index.js","statementMap":{"0":{"start":{"line":1,"column":0},"end":{"line":1,"column":47}}},"fnMap":{},"branchMap":{},"s":{"0":0},"f":{},"b":{}}
,"C:\\Users\\aidan\\Desktop\\Projects\\cotern\\.expo\\metro\\externals\\path\\index.js": {"path":"C:\\Users\\aidan\\Desktop\\Projects\\cotern\\.expo\\metro\\externals\\path\\index.js","statementMap":{"0":{"start":{"line":1,"column":0},"end":{"line":1,"column":49}}},"fnMap":{},"branchMap":{},"s":{"0":0},"f":{},"b":{}}
,"C:\\Users\\aidan\\Desktop\\Projects\\cotern\\.expo\\metro\\externals\\perf_hooks\\index.js": {"path":"C:\\Users\\aidan\\Desktop\\Projects\\cotern\\.expo\\metro\\externals\\perf_hooks\\index.js","statementMap":{"0":{"start":{"line":1,"column":0},"end":{"line":1,"column":55}}},"fnMap":{},"branchMap":{},"s":{"0":0},"f":{},"b":{}}
,"C:\\Users\\aidan\\Desktop\\Projects\\cotern\\.expo\\metro\\externals\\process\\index.js": {"path":"C:\\Users\\aidan\\Desktop\\Projects\\cotern\\.expo\\metro\\externals\\process\\index.js","statementMap":{"0":{"start":{"line":1,"column":0},"end":{"line":1,"column":52}}},"fnMap":{},"branchMap":{},"s":{"0":0},"f":{},"b":{}}
,"C:\\Users\\aidan\\Desktop\\Projects\\cotern\\.expo\\metro\\externals\\punycode\\index.js": {"path":"C:\\Users\\aidan\\Desktop\\Projects\\cotern\\.expo\\metro\\externals\\punycode\\index.js","statementMap":{"0":{"start":{"line":1,"column":0},"end":{"line":1,"column":53}}},"fnMap":{},"branchMap":{},"s":{"0":0},"f":{},"b":{}}
,"C:\\Users\\aidan\\Desktop\\Projects\\cotern\\.expo\\metro\\externals\\querystring\\index.js": {"path":"C:\\Users\\aidan\\Desktop\\Projects\\cotern\\.expo\\metro\\externals\\querystring\\index.js","statementMap":{"0":{"start":{"line":1,"column":0},"end":{"line":1,"column":56}}},"fnMap":{},"branchMap":{},"s":{"0":0},"f":{},"b":{}}
,"C:\\Users\\aidan\\Desktop\\Projects\\cotern\\.expo\\metro\\externals\\readline\\index.js": {"path":"C:\\Users\\aidan\\Desktop\\Projects\\cotern\\.expo\\metro\\externals\\readline\\index.js","statementMap":{"0":{"start":{"line":1,"column":0},"end":{"line":1,"column":53}}},"fnMap":{},"branchMap":{},"s":{"0":0},"f":{},"b":{}}
,"C:\\Users\\aidan\\Desktop\\Projects\\cotern\\.expo\\metro\\externals\\repl\\index.js": {"path":"C:\\Users\\aidan\\Desktop\\Projects\\cotern\\.expo\\metro\\externals\\repl\\index.js","statementMap":{"0":{"start":{"line":1,"column":0},"end":{"line":1,"column":49}}},"fnMap":{},"branchMap":{},"s":{"0":0},"f":{},"b":{}}
,"C:\\Users\\aidan\\Desktop\\Projects\\cotern\\.expo\\metro\\externals\\stream\\index.js": {"path":"C:\\Users\\aidan\\Desktop\\Projects\\cotern\\.expo\\metro\\externals\\stream\\index.js","statementMap":{"0":{"start":{"line":1,"column":0},"end":{"line":1,"column":51}}},"fnMap":{},"branchMap":{},"s":{"0":0},"f":{},"b":{}}
,"C:\\Users\\aidan\\Desktop\\Projects\\cotern\\.expo\\metro\\externals\\string_decoder\\index.js": {"path":"C:\\Users\\aidan\\Desktop\\Projects\\cotern\\.expo\\metro\\externals\\string_decoder\\index.js","statementMap":{"0":{"start":{"line":1,"column":0},"end":{"line":1,"column":59}}},"fnMap":{},"branchMap":{},"s":{"0":0},"f":{},"b":{}}
,"C:\\Users\\aidan\\Desktop\\Projects\\cotern\\.expo\\metro\\externals\\timers\\index.js": {"path":"C:\\Users\\aidan\\Desktop\\Projects\\cotern\\.expo\\metro\\externals\\timers\\index.js","statementMap":{"0":{"start":{"line":1,"column":0},"end":{"line":1,"column":51}}},"fnMap":{},"branchMap":{},"s":{"0":0},"f":{},"b":{}}
,"C:\\Users\\aidan\\Desktop\\Projects\\cotern\\.expo\\metro\\externals\\tls\\index.js": {"path":"C:\\Users\\aidan\\Desktop\\Projects\\cotern\\.expo\\metro\\externals\\tls\\index.js","statementMap":{"0":{"start":{"line":1,"column":0},"end":{"line":1,"column":48}}},"fnMap":{},"branchMap":{},"s":{"0":0},"f":{},"b":{}}
,"C:\\Users\\aidan\\Desktop\\Projects\\cotern\\.expo\\metro\\externals\\trace_events\\index.js": {"path":"C:\\Users\\aidan\\Desktop\\Projects\\cotern\\.expo\\metro\\externals\\trace_events\\index.js","statementMap":{"0":{"start":{"line":1,"column":0},"end":{"line":1,"column":57}}},"fnMap":{},"branchMap":{},"s":{"0":0},"f":{},"b":{}}
,"C:\\Users\\aidan\\Desktop\\Projects\\cotern\\.expo\\metro\\externals\\tty\\index.js": {"path":"C:\\Users\\aidan\\Desktop\\Projects\\cotern\\.expo\\metro\\externals\\tty\\index.js","statementMap":{"0":{"start":{"line":1,"column":0},"end":{"line":1,"column":48}}},"fnMap":{},"branchMap":{},"s":{"0":0},"f":{},"b":{}}
,"C:\\Users\\aidan\\Desktop\\Projects\\cotern\\.expo\\metro\\externals\\url\\index.js": {"path":"C:\\Users\\aidan\\Desktop\\Projects\\cotern\\.expo\\metro\\externals\\url\\index.js","statementMap":{"0":{"start":{"line":1,"column":0},"end":{"line":1,"column":48}}},"fnMap":{},"branchMap":{},"s":{"0":0},"f":{},"b":{}}
,"C:\\Users\\aidan\\Desktop\\Projects\\cotern\\.expo\\metro\\externals\\util\\index.js": {"path":"C:\\Users\\aidan\\Desktop\\Projects\\cotern\\.expo\\metro\\externals\\util\\index.js","statementMap":{"0":{"start":{"line":1,"column":0},"end":{"line":1,"column":49}}},"fnMap":{},"branchMap":{},"s":{"0":0},"f":{},"b":{}}
,"C:\\Users\\aidan\\Desktop\\Projects\\cotern\\.expo\\metro\\externals\\v8\\index.js": {"path":"C:\\Users\\aidan\\Desktop\\Projects\\cotern\\.expo\\metro\\externals\\v8\\index.js","statementMap":{"0":{"start":{"line":1,"column":0},"end":{"line":1,"column":47}}},"fnMap":{},"branchMap":{},"s":{"0":0},"f":{},"b":{}}
,"C:\\Users\\aidan\\Desktop\\Projects\\cotern\\.expo\\metro\\externals\\vm\\index.js": {"path":"C:\\Users\\aidan\\Desktop\\Projects\\cotern\\.expo\\metro\\externals\\vm\\index.js","statementMap":{"0":{"start":{"line":1,"column":0},"end":{"line":1,"column":47}}},"fnMap":{},"branchMap":{},"s":{"0":0},"f":{},"b":{}}
,"C:\\Users\\aidan\\Desktop\\Projects\\cotern\\.expo\\metro\\externals\\worker_threads\\index.js": {"path":"C:\\Users\\aidan\\Desktop\\Projects\\cotern\\.expo\\metro\\externals\\worker_threads\\index.js","statementMap":{"0":{"start":{"line":1,"column":0},"end":{"line":1,"column":59}}},"fnMap":{},"branchMap":{},"s":{"0":0},"f":{},"b":{}}
,"C:\\Users\\aidan\\Desktop\\Projects\\cotern\\.expo\\metro\\externals\\zlib\\index.js": {"path":"C:\\Users\\aidan\\Desktop\\Projects\\cotern\\.expo\\metro\\externals\\zlib\\index.js","statementMap":{"0":{"start":{"line":1,"column":0},"end":{"line":1,"column":49}}},"fnMap":{},"branchMap":{},"s":{"0":0},"f":{},"b":{}}
,"C:\\Users\\aidan\\Desktop\\Projects\\cotern\\.expo\\metro\\shims\\react-native-web\\dist\\cjs\\exports\\AppRegistry\\AppContainer.js": {"path":"C:\\Users\\aidan\\Desktop\\Projects\\cotern\\.expo\\metro\\shims\\react-native-web\\dist\\cjs\\exports\\AppRegistry\\AppContainer.js","statementMap":{"0":{"start":{"line":5,"column":2},"end":{"line":5,"column":18}},"1":{"start":{"line":8,"column":0},"end":{"line":10,"column":1}},"2":{"start":{"line":9,"column":2},"end":{"line":9,"column":44}},"3":{"start":{"line":12,"column":0},"end":{"line":12,"column":30}},"4":{"start":{"line":13,"column":0},"end":{"line":13,"column":38}}},"fnMap":{"0":{"name":"AppContainer","decl":{"start":{"line":4,"column":9},"end":{"line":4,"column":21}},"loc":{"start":{"line":4,"column":36},"end":{"line":6,"column":1}},"line":4}},"branchMap":{"0":{"loc":{"start":{"line":8,"column":0},"end":{"line":10,"column":1}},"type":"if","locations":[{"start":{"line":8,"column":0},"end":{"line":10,"column":1}},{"start":{},"end":{}}],"line":8}},"s":{"0":0,"1":0,"2":0,"3":0,"4":0},"f":{"0":0},"b":{"0":[0,0]}}
,"C:\\Users\\aidan\\Desktop\\Projects\\cotern\\.expo\\metro\\shims\\react-native-web\\dist\\cjs\\exports\\BackHandler\\index.js": {"path":"C:\\Users\\aidan\\Desktop\\Projects\\cotern\\.expo\\metro\\shims\\react-native-web\\dist\\cjs\\exports\\BackHandler\\index.js","statementMap":{"0":{"start":{"line":3,"column":0},"end":{"line":3,"column":54}},"1":{"start":{"line":4,"column":18},"end":{"line":8,"column":3}},"2":{"start":{"line":6,"column":29},"end":{"line":6,"column":54}},"3":{"start":{"line":9,"column":13},"end":{"line":9,"column":24}},"4":{"start":{"line":10,"column":0},"end":{"line":10,"column":65}}},"fnMap":{"0":{"name":"emptyFunction","decl":{"start":{"line":2,"column":9},"end":{"line":2,"column":22}},"loc":{"start":{"line":2,"column":25},"end":{"line":2,"column":27}},"line":2},"1":{"name":"(anonymous_1)","decl":{"start":{"line":6,"column":22},"end":{"line":6,"column":23}},"loc":{"start":{"line":6,"column":29},"end":{"line":6,"column":54}},"line":6}},"branchMap":{},"s":{"0":0,"1":0,"2":0,"3":0,"4":0},"f":{"0":0,"1":0},"b":{}}
,"C:\\Users\\aidan\\Desktop\\Projects\\cotern\\.expo\\metro\\shims\\react-native-web\\dist\\exports\\AppRegistry\\AppContainer.js": {"path":"C:\\Users\\aidan\\Desktop\\Projects\\cotern\\.expo\\metro\\shims\\react-native-web\\dist\\exports\\AppRegistry\\AppContainer.js","statementMap":{"0":{"start":{"line":5,"column":2},"end":{"line":5,"column":18}},"1":{"start":{"line":8,"column":0},"end":{"line":10,"column":1}},"2":{"start":{"line":9,"column":2},"end":{"line":9,"column":44}}},"fnMap":{"0":{"name":"AppContainer","decl":{"start":{"line":4,"column":9},"end":{"line":4,"column":21}},"loc":{"start":{"line":4,"column":36},"end":{"line":6,"column":1}},"line":4}},"branchMap":{"0":{"loc":{"start":{"line":8,"column":0},"end":{"line":10,"column":1}},"type":"if","locations":[{"start":{"line":8,"column":0},"end":{"line":10,"column":1}},{"start":{},"end":{}}],"line":8}},"s":{"0":0,"1":0,"2":0},"f":{"0":0},"b":{"0":[0,0]}}
,"C:\\Users\\aidan\\Desktop\\Projects\\cotern\\.expo\\metro\\shims\\react-native-web\\dist\\exports\\BackHandler\\index.js": {"path":"C:\\Users\\aidan\\Desktop\\Projects\\cotern\\.expo\\metro\\shims\\react-native-web\\dist\\exports\\BackHandler\\index.js","statementMap":{"0":{"start":{"line":2,"column":18},"end":{"line":6,"column":1}},"1":{"start":{"line":4,"column":27},"end":{"line":4,"column":52}}},"fnMap":{"0":{"name":"emptyFunction","decl":{"start":{"line":1,"column":9},"end":{"line":1,"column":22}},"loc":{"start":{"line":1,"column":25},"end":{"line":1,"column":27}},"line":1},"1":{"name":"(anonymous_1)","decl":{"start":{"line":4,"column":20},"end":{"line":4,"column":21}},"loc":{"start":{"line":4,"column":27},"end":{"line":4,"column":52}},"line":4}},"branchMap":{},"s":{"0":0,"1":0},"f":{"0":0,"1":0},"b":{}}
,"C:\\Users\\aidan\\Desktop\\Projects\\cotern\\assets\\Icons.js": {"path":"C:\\Users\\aidan\\Desktop\\Projects\\cotern\\assets\\Icons.js","statementMap":{"0":{"start":{"line":4,"column":20},"end":{"line":4,"column":87}},"1":{"start":{"line":4,"column":35},"end":{"line":4,"column":85}},"2":{"start":{"line":5,"column":17},"end":{"line":5,"column":84}},"3":{"start":{"line":5,"column":32},"end":{"line":5,"column":82}},"4":{"start":{"line":6,"column":24},"end":{"line":6,"column":92}},"5":{"start":{"line":6,"column":39},"end":{"line":6,"column":90}},"6":{"start":{"line":8,"column":22},"end":{"line":10,"column":1}},"7":{"start":{"line":8,"column":41},"end":{"line":10,"column":1}},"8":{"start":{"line":9,"column":4},"end":{"line":9,"column":46}},"9":{"start":{"line":12,"column":33},"end":{"line":12,"column":59}},"10":{"start":{"line":13,"column":30},"end":{"line":13,"column":53}},"11":{"start":{"line":14,"column":37},"end":{"line":14,"column":67}}},"fnMap":{"0":{"name":"(anonymous_0)","decl":{"start":{"line":4,"column":20},"end":{"line":4,"column":21}},"loc":{"start":{"line":4,"column":35},"end":{"line":4,"column":85}},"line":4},"1":{"name":"(anonymous_1)","decl":{"start":{"line":5,"column":17},"end":{"line":5,"column":18}},"loc":{"start":{"line":5,"column":32},"end":{"line":5,"column":82}},"line":5},"2":{"name":"(anonymous_2)","decl":{"start":{"line":6,"column":24},"end":{"line":6,"column":25}},"loc":{"start":{"line":6,"column":39},"end":{"line":6,"column":90}},"line":6},"3":{"name":"(anonymous_3)","decl":{"start":{"line":8,"column":22},"end":{"line":8,"column":23}},"loc":{"start":{"line":8,"column":41},"end":{"line":10,"column":1}},"line":8},"4":{"name":"(anonymous_4)","decl":{"start":{"line":8,"column":41},"end":{"line":8,"column":42}},"loc":{"start":{"line":9,"column":4},"end":{"line":9,"column":46}},"line":9}},"branchMap":{},"s":{"0":0,"1":0,"2":0,"3":0,"4":0,"5":0,"6":0,"7":0,"8":0,"9":0,"10":0,"11":0},"f":{"0":0,"1":0,"2":0,"3":0,"4":0},"b":{}}
,"C:\\Users\\aidan\\Desktop\\Projects\\cotern\\components\\SlidingModal.js": {"path":"C:\\Users\\aidan\\Desktop\\Projects\\cotern\\components\\SlidingModal.js","statementMap":{"0":{"start":{"line":4,"column":21},"end":{"line":122,"column":1}},"1":{"start":{"line":5,"column":34},"end":{"line":5,"column":65}},"2":{"start":{"line":6,"column":31},"end":{"line":6,"column":62}},"3":{"start":{"line":8,"column":4},"end":{"line":47,"column":23}},"4":{"start":{"line":9,"column":8},"end":{"line":39,"column":9}},"5":{"start":{"line":10,"column":12},"end":{"line":21,"column":23}},"6":{"start":{"line":23,"column":12},"end":{"line":38,"column":15}},"7":{"start":{"line":37,"column":16},"end":{"line":37,"column":39}},"8":{"start":{"line":42,"column":8},"end":{"line":46,"column":10}},"9":{"start":{"line":44,"column":12},"end":{"line":44,"column":44}},"10":{"start":{"line":45,"column":12},"end":{"line":45,"column":41}},"11":{"start":{"line":49,"column":24},"end":{"line":51,"column":5}},"12":{"start":{"line":50,"column":8},"end":{"line":50,"column":39}},"13":{"start":{"line":53,"column":30},"end":{"line":56,"column":6}},"14":{"start":{"line":58,"column":25},"end":{"line":58,"column":56}},"15":{"start":{"line":59,"column":26},"end":{"line":59,"column":45}},"16":{"start":{"line":61,"column":30},"end":{"line":64,"column":6}},"17":{"start":{"line":66,"column":34},"end":{"line":83,"column":5}},"18":{"start":{"line":68,"column":8},"end":{"line":82,"column":11}},"19":{"start":{"line":81,"column":12},"end":{"line":81,"column":35}},"20":{"start":{"line":85,"column":4},"end":{"line":121,"column":6}}},"fnMap":{"0":{"name":"(anonymous_0)","decl":{"start":{"line":4,"column":21},"end":{"line":4,"column":22}},"loc":{"start":{"line":4,"column":70},"end":{"line":122,"column":1}},"line":4},"1":{"name":"(anonymous_1)","decl":{"start":{"line":8,"column":14},"end":{"line":8,"column":15}},"loc":{"start":{"line":8,"column":20},"end":{"line":47,"column":5}},"line":8},"2":{"name":"(anonymous_2)","decl":{"start":{"line":34,"column":21},"end":{"line":34,"column":22}},"loc":{"start":{"line":34,"column":27},"end":{"line":38,"column":13}},"line":34},"3":{"name":"(anonymous_3)","decl":{"start":{"line":42,"column":15},"end":{"line":42,"column":16}},"loc":{"start":{"line":42,"column":21},"end":{"line":46,"column":9}},"line":42},"4":{"name":"(anonymous_4)","decl":{"start":{"line":49,"column":24},"end":{"line":49,"column":25}},"loc":{"start":{"line":49,"column":30},"end":{"line":51,"column":5}},"line":49},"5":{"name":"(anonymous_5)","decl":{"start":{"line":66,"column":34},"end":{"line":66,"column":35}},"loc":{"start":{"line":66,"column":40},"end":{"line":83,"column":5}},"line":66},"6":{"name":"(anonymous_6)","decl":{"start":{"line":79,"column":17},"end":{"line":79,"column":18}},"loc":{"start":{"line":79,"column":23},"end":{"line":82,"column":9}},"line":79}},"branchMap":{"0":{"loc":{"start":{"line":9,"column":8},"end":{"line":39,"column":9}},"type":"if","locations":[{"start":{"line":9,"column":8},"end":{"line":39,"column":9}},{"start":{"line":22,"column":15},"end":{"line":39,"column":9}}],"line":9}},"s":{"0":0,"1":0,"2":0,"3":0,"4":0,"5":0,"6":0,"7":0,"8":0,"9":0,"10":0,"11":0,"12":0,"13":0,"14":0,"15":0,"16":0,"17":0,"18":0,"19":0,"20":0},"f":{"0":0,"1":0,"2":0,"3":0,"4":0,"5":0,"6":0},"b":{"0":[0,0]}}
,"C:\\Users\\aidan\\Desktop\\Projects\\cotern\\components\\TextButton.js": {"path":"C:\\Users\\aidan\\Desktop\\Projects\\cotern\\components\\TextButton.js","statementMap":{"0":{"start":{"line":4,"column":19},"end":{"line":11,"column":1}},"1":{"start":{"line":6,"column":4},"end":{"line":10,"column":6}}},"fnMap":{"0":{"name":"(anonymous_0)","decl":{"start":{"line":4,"column":19},"end":{"line":4,"column":20}},"loc":{"start":{"line":4,"column":43},"end":{"line":11,"column":1}},"line":4}},"branchMap":{},"s":{"0":0,"1":0},"f":{"0":0},"b":{}}
,"C:\\Users\\aidan\\Desktop\\Projects\\cotern\\components\\TextLink.js": {"path":"C:\\Users\\aidan\\Desktop\\Projects\\cotern\\components\\TextLink.js","statementMap":{"0":{"start":{"line":4,"column":17},"end":{"line":11,"column":1}},"1":{"start":{"line":6,"column":4},"end":{"line":10,"column":6}}},"fnMap":{"0":{"name":"(anonymous_0)","decl":{"start":{"line":4,"column":17},"end":{"line":4,"column":18}},"loc":{"start":{"line":4,"column":41},"end":{"line":11,"column":1}},"line":4}},"branchMap":{},"s":{"0":0,"1":0},"f":{"0":0},"b":{}}
,"C:\\Users\\aidan\\Desktop\\Projects\\cotern\\components\\UtilityCard.js": {"path":"C:\\Users\\aidan\\Desktop\\Projects\\cotern\\components\\UtilityCard.js","statementMap":{"0":{"start":{"line":4,"column":20},"end":{"line":14,"column":1}},"1":{"start":{"line":6,"column":4},"end":{"line":13,"column":6}}},"fnMap":{"0":{"name":"(anonymous_0)","decl":{"start":{"line":4,"column":20},"end":{"line":4,"column":21}},"loc":{"start":{"line":4,"column":60},"end":{"line":14,"column":1}},"line":4}},"branchMap":{},"s":{"0":0,"1":0},"f":{"0":0},"b":{}}
,"C:\\Users\\aidan\\Desktop\\Projects\\cotern\\contexts\\AuthContext.js": {"path":"C:\\Users\\aidan\\Desktop\\Projects\\cotern\\contexts\\AuthContext.js","statementMap":{"0":{"start":{"line":6,"column":20},"end":{"line":6,"column":35}},"1":{"start":{"line":8,"column":28},"end":{"line":67,"column":1}},"2":{"start":{"line":10,"column":39},"end":{"line":10,"column":53}},"3":{"start":{"line":11,"column":31},"end":{"line":11,"column":45}},"4":{"start":{"line":13,"column":1},"end":{"line":18,"column":8}},"5":{"start":{"line":14,"column":2},"end":{"line":17,"column":5}},"6":{"start":{"line":15,"column":3},"end":{"line":15,"column":24}},"7":{"start":{"line":16,"column":3},"end":{"line":16,"column":21}},"8":{"start":{"line":20,"column":39},"end":{"line":36,"column":2}},"9":{"start":{"line":21,"column":2},"end":{"line":35,"column":3}},"10":{"start":{"line":22,"column":3},"end":{"line":22,"column":59}},"11":{"start":{"line":23,"column":20},"end":{"line":23,"column":81}},"12":{"start":{"line":24,"column":3},"end":{"line":24,"column":32}},"13":{"start":{"line":26,"column":20},"end":{"line":30,"column":4}},"14":{"start":{"line":31,"column":3},"end":{"line":31,"column":75}},"15":{"start":{"line":32,"column":3},"end":{"line":32,"column":41}},"16":{"start":{"line":34,"column":3},"end":{"line":34,"column":24}},"17":{"start":{"line":38,"column":31},"end":{"line":45,"column":2}},"18":{"start":{"line":39,"column":2},"end":{"line":44,"column":3}},"19":{"start":{"line":40,"column":3},"end":{"line":40,"column":61}},"20":{"start":{"line":41,"column":5},"end":{"line":41,"column":60}},"21":{"start":{"line":43,"column":5},"end":{"line":43,"column":26}},"22":{"start":{"line":47,"column":16},"end":{"line":54,"column":2}},"23":{"start":{"line":48,"column":2},"end":{"line":53,"column":3}},"24":{"start":{"line":49,"column":3},"end":{"line":49,"column":32}},"25":{"start":{"line":50,"column":5},"end":{"line":50,"column":36}},"26":{"start":{"line":52,"column":5},"end":{"line":52,"column":26}},"27":{"start":{"line":56,"column":1},"end":{"line":66,"column":3}},"28":{"start":{"line":69,"column":23},"end":{"line":69,"column":52}},"29":{"start":{"line":69,"column":29},"end":{"line":69,"column":52}}},"fnMap":{"0":{"name":"(anonymous_0)","decl":{"start":{"line":8,"column":28},"end":{"line":8,"column":29}},"loc":{"start":{"line":8,"column":46},"end":{"line":67,"column":1}},"line":8},"1":{"name":"(anonymous_1)","decl":{"start":{"line":13,"column":11},"end":{"line":13,"column":12}},"loc":{"start":{"line":13,"column":17},"end":{"line":18,"column":2}},"line":13},"2":{"name":"(anonymous_2)","decl":{"start":{"line":14,"column":35},"end":{"line":14,"column":36}},"loc":{"start":{"line":14,"column":43},"end":{"line":17,"column":3}},"line":14},"3":{"name":"(anonymous_3)","decl":{"start":{"line":20,"column":39},"end":{"line":20,"column":40}},"loc":{"start":{"line":20,"column":87},"end":{"line":36,"column":2}},"line":20},"4":{"name":"(anonymous_4)","decl":{"start":{"line":38,"column":31},"end":{"line":38,"column":32}},"loc":{"start":{"line":38,"column":58},"end":{"line":45,"column":2}},"line":38},"5":{"name":"(anonymous_5)","decl":{"start":{"line":47,"column":16},"end":{"line":47,"column":17}},"loc":{"start":{"line":47,"column":28},"end":{"line":54,"column":2}},"line":47},"6":{"name":"(anonymous_6)","decl":{"start":{"line":69,"column":23},"end":{"line":69,"column":24}},"loc":{"start":{"line":69,"column":29},"end":{"line":69,"column":52}},"line":69}},"branchMap":{"0":{"loc":{"start":{"line":64,"column":4},"end":{"line":64,"column":24}},"type":"binary-expr","locations":[{"start":{"line":64,"column":4},"end":{"line":64,"column":12}},{"start":{"line":64,"column":16},"end":{"line":64,"column":24}}],"line":64}},"s":{"0":0,"1":0,"2":0,"3":0,"4":0,"5":0,"6":0,"7":0,"8":0,"9":0,"10":0,"11":0,"12":0,"13":0,"14":0,"15":0,"16":0,"17":0,"18":0,"19":0,"20":0,"21":0,"22":0,"23":0,"24":0,"25":0,"26":0,"27":0,"28":0,"29":0},"f":{"0":0,"1":0,"2":0,"3":0,"4":0,"5":0,"6":0},"b":{"0":[0,0]}}
,"C:\\Users\\aidan\\Desktop\\Projects\\cotern\\contexts\\UserContext.js": {"path":"C:\\Users\\aidan\\Desktop\\Projects\\cotern\\contexts\\UserContext.js","statementMap":{"0":{"start":{"line":6,"column":20},"end":{"line":6,"column":35}},"1":{"start":{"line":8,"column":28},"end":{"line":55,"column":1}},"2":{"start":{"line":10,"column":28},"end":{"line":10,"column":37}},"3":{"start":{"line":11,"column":36},"end":{"line":11,"column":50}},"4":{"start":{"line":13,"column":4},"end":{"line":23,"column":22}},"5":{"start":{"line":14,"column":30},"end":{"line":21,"column":9}},"6":{"start":{"line":15,"column":12},"end":{"line":20,"column":13}},"7":{"start":{"line":16,"column":33},"end":{"line":16,"column":67}},"8":{"start":{"line":19,"column":16},"end":{"line":19,"column":93}},"9":{"start":{"line":22,"column":8},"end":{"line":22,"column":24}},"10":{"start":{"line":25,"column":24},"end":{"line":32,"column":5}},"11":{"start":{"line":26,"column":8},"end":{"line":31,"column":9}},"12":{"start":{"line":27,"column":36},"end":{"line":27,"column":95}},"13":{"start":{"line":28,"column":12},"end":{"line":28,"column":76}},"14":{"start":{"line":30,"column":12},"end":{"line":30,"column":69}},"15":{"start":{"line":34,"column":27},"end":{"line":42,"column":5}},"16":{"start":{"line":35,"column":8},"end":{"line":41,"column":9}},"17":{"start":{"line":36,"column":28},"end":{"line":36,"column":73}},"18":{"start":{"line":37,"column":12},"end":{"line":37,"column":54}},"19":{"start":{"line":38,"column":12},"end":{"line":38,"column":61}},"20":{"start":{"line":40,"column":12},"end":{"line":40,"column":69}},"21":{"start":{"line":44,"column":4},"end":{"line":54,"column":6}},"22":{"start":{"line":57,"column":23},"end":{"line":57,"column":52}},"23":{"start":{"line":57,"column":29},"end":{"line":57,"column":52}}},"fnMap":{"0":{"name":"(anonymous_0)","decl":{"start":{"line":8,"column":28},"end":{"line":8,"column":29}},"loc":{"start":{"line":8,"column":46},"end":{"line":55,"column":1}},"line":8},"1":{"name":"(anonymous_1)","decl":{"start":{"line":13,"column":14},"end":{"line":13,"column":15}},"loc":{"start":{"line":13,"column":20},"end":{"line":23,"column":5}},"line":13},"2":{"name":"(anonymous_2)","decl":{"start":{"line":14,"column":30},"end":{"line":14,"column":31}},"loc":{"start":{"line":14,"column":42},"end":{"line":21,"column":9}},"line":14},"3":{"name":"(anonymous_3)","decl":{"start":{"line":25,"column":24},"end":{"line":25,"column":25}},"loc":{"start":{"line":25,"column":42},"end":{"line":32,"column":5}},"line":25},"4":{"name":"(anonymous_4)","decl":{"start":{"line":34,"column":27},"end":{"line":34,"column":28}},"loc":{"start":{"line":34,"column":62},"end":{"line":42,"column":5}},"line":34},"5":{"name":"(anonymous_5)","decl":{"start":{"line":57,"column":23},"end":{"line":57,"column":24}},"loc":{"start":{"line":57,"column":29},"end":{"line":57,"column":52}},"line":57}},"branchMap":{"0":{"loc":{"start":{"line":15,"column":12},"end":{"line":20,"column":13}},"type":"if","locations":[{"start":{"line":15,"column":12},"end":{"line":20,"column":13}},{"start":{},"end":{}}],"line":15},"1":{"loc":{"start":{"line":28,"column":19},"end":{"line":28,"column":75}},"type":"cond-expr","locations":[{"start":{"line":28,"column":46},"end":{"line":28,"column":68}},{"start":{"line":28,"column":71},"end":{"line":28,"column":75}}],"line":28}},"s":{"0":0,"1":0,"2":0,"3":0,"4":0,"5":0,"6":0,"7":0,"8":0,"9":0,"10":0,"11":0,"12":0,"13":0,"14":0,"15":0,"16":0,"17":0,"18":0,"19":0,"20":0,"21":0,"22":0,"23":0},"f":{"0":0,"1":0,"2":0,"3":0,"4":0,"5":0},"b":{"0":[0,0],"1":[0,0]}}
,"C:\\Users\\aidan\\Desktop\\Projects\\cotern\\pages\\authenticatedPages\\CommunitiesPage.js": {"path":"C:\\Users\\aidan\\Desktop\\Projects\\cotern\\pages\\authenticatedPages\\CommunitiesPage.js","statementMap":{"0":{"start":{"line":4,"column":24},"end":{"line":11,"column":1}},"1":{"start":{"line":6,"column":1},"end":{"line":10,"column":3}}},"fnMap":{"0":{"name":"(anonymous_0)","decl":{"start":{"line":4,"column":24},"end":{"line":4,"column":25}},"loc":{"start":{"line":4,"column":30},"end":{"line":11,"column":1}},"line":4}},"branchMap":{},"s":{"0":0,"1":0},"f":{"0":0},"b":{}}
,"C:\\Users\\aidan\\Desktop\\Projects\\cotern\\pages\\authenticatedPages\\HomePage.js": {"path":"C:\\Users\\aidan\\Desktop\\Projects\\cotern\\pages\\authenticatedPages\\HomePage.js","statementMap":{"0":{"start":{"line":4,"column":17},"end":{"line":11,"column":1}},"1":{"start":{"line":6,"column":1},"end":{"line":10,"column":3}}},"fnMap":{"0":{"name":"(anonymous_0)","decl":{"start":{"line":4,"column":17},"end":{"line":4,"column":18}},"loc":{"start":{"line":4,"column":23},"end":{"line":11,"column":1}},"line":4}},"branchMap":{},"s":{"0":0,"1":0},"f":{"0":0},"b":{}}
,"C:\\Users\\aidan\\Desktop\\Projects\\cotern\\pages\\authenticatedPages\\ProfilePage.js": {"path":"C:\\Users\\aidan\\Desktop\\Projects\\cotern\\pages\\authenticatedPages\\ProfilePage.js","statementMap":{"0":{"start":{"line":11,"column":20},"end":{"line":94,"column":1}},"1":{"start":{"line":13,"column":41},"end":{"line":13,"column":50}},"2":{"start":{"line":14,"column":23},"end":{"line":14,"column":32}},"3":{"start":{"line":16,"column":44},"end":{"line":16,"column":59}},"4":{"start":{"line":18,"column":22},"end":{"line":39,"column":5}},"5":{"start":{"line":19,"column":27},"end":{"line":19,"column":82}},"6":{"start":{"line":21,"column":8},"end":{"line":27,"column":9}},"7":{"start":{"line":22,"column":12},"end":{"line":25,"column":14}},"8":{"start":{"line":26,"column":12},"end":{"line":26,"column":19}},"9":{"start":{"line":29,"column":23},"end":{"line":34,"column":10}},"10":{"start":{"line":36,"column":8},"end":{"line":38,"column":9}},"11":{"start":{"line":37,"column":12},"end":{"line":37,"column":83}},"12":{"start":{"line":42,"column":4},"end":{"line":93,"column":6}},"13":{"start":{"line":49,"column":61},"end":{"line":49,"column":82}},"14":{"start":{"line":53,"column":61},"end":{"line":53,"column":82}}},"fnMap":{"0":{"name":"(anonymous_0)","decl":{"start":{"line":11,"column":20},"end":{"line":11,"column":21}},"loc":{"start":{"line":11,"column":26},"end":{"line":94,"column":1}},"line":11},"1":{"name":"(anonymous_1)","decl":{"start":{"line":18,"column":22},"end":{"line":18,"column":23}},"loc":{"start":{"line":18,"column":34},"end":{"line":39,"column":5}},"line":18},"2":{"name":"(anonymous_2)","decl":{"start":{"line":49,"column":55},"end":{"line":49,"column":56}},"loc":{"start":{"line":49,"column":61},"end":{"line":49,"column":82}},"line":49},"3":{"name":"(anonymous_3)","decl":{"start":{"line":53,"column":55},"end":{"line":53,"column":56}},"loc":{"start":{"line":53,"column":61},"end":{"line":53,"column":82}},"line":53}},"branchMap":{"0":{"loc":{"start":{"line":21,"column":8},"end":{"line":27,"column":9}},"type":"if","locations":[{"start":{"line":21,"column":8},"end":{"line":27,"column":9}},{"start":{},"end":{}}],"line":21},"1":{"loc":{"start":{"line":36,"column":8},"end":{"line":38,"column":9}},"type":"if","locations":[{"start":{"line":36,"column":8},"end":{"line":38,"column":9}},{"start":{},"end":{}}],"line":36},"2":{"loc":{"start":{"line":42,"column":11},"end":{"line":93,"column":5}},"type":"cond-expr","locations":[{"start":{},"end":{}},{"start":{"line":92,"column":7},"end":{"line":92,"column":12}}],"line":42},"3":{"loc":{"start":{"line":48,"column":25},"end":{"line":55,"column":47}},"type":"cond-expr","locations":[{"start":{"line":49,"column":28},"end":{"line":51,"column":47}},{"start":{"line":53,"column":28},"end":{"line":55,"column":47}}],"line":48},"4":{"loc":{"start":{"line":66,"column":44},"end":{"line":66,"column":69}},"type":"binary-expr","locations":[{"start":{"line":66,"column":44},"end":{"line":66,"column":58}},{"start":{"line":66,"column":62},"end":{"line":66,"column":69}}],"line":66},"5":{"loc":{"start":{"line":67,"column":44},"end":{"line":67,"column":69}},"type":"binary-expr","locations":[{"start":{"line":67,"column":44},"end":{"line":67,"column":58}},{"start":{"line":67,"column":62},"end":{"line":67,"column":69}}],"line":67},"6":{"loc":{"start":{"line":68,"column":44},"end":{"line":68,"column":75}},"type":"binary-expr","locations":[{"start":{"line":68,"column":44},"end":{"line":68,"column":61}},{"start":{"line":68,"column":65},"end":{"line":68,"column":75}}],"line":68}},"s":{"0":0,"1":0,"2":0,"3":0,"4":0,"5":0,"6":0,"7":0,"8":0,"9":0,"10":0,"11":0,"12":0,"13":0,"14":0},"f":{"0":0,"1":0,"2":0,"3":0},"b":{"0":[0,0],"1":[0,0],"2":[0,0],"3":[0,0],"4":[0,0],"5":[0,0],"6":[0,0]}}
,"C:\\Users\\aidan\\Desktop\\Projects\\cotern\\pages\\unauthenticatedPages\\CreateAccountPage.js": {"path":"C:\\Users\\aidan\\Desktop\\Projects\\cotern\\pages\\unauthenticatedPages\\CreateAccountPage.js","statementMap":{"0":{"start":{"line":8,"column":26},"end":{"line":68,"column":1}},"1":{"start":{"line":10,"column":43},"end":{"line":10,"column":52}},"2":{"start":{"line":11,"column":20},"end":{"line":11,"column":35}},"3":{"start":{"line":13,"column":36},"end":{"line":18,"column":6}},"4":{"start":{"line":20,"column":30},"end":{"line":25,"column":5}},"5":{"start":{"line":21,"column":2},"end":{"line":24,"column":5}},"6":{"start":{"line":27,"column":1},"end":{"line":67,"column":3}},"7":{"start":{"line":36,"column":30},"end":{"line":36,"column":66}},"8":{"start":{"line":42,"column":30},"end":{"line":42,"column":65}},"9":{"start":{"line":49,"column":30},"end":{"line":49,"column":62}},"10":{"start":{"line":56,"column":30},"end":{"line":56,"column":65}},"11":{"start":{"line":60,"column":32},"end":{"line":60,"column":135}},"12":{"start":{"line":62,"column":31},"end":{"line":62,"column":59}}},"fnMap":{"0":{"name":"(anonymous_0)","decl":{"start":{"line":8,"column":26},"end":{"line":8,"column":27}},"loc":{"start":{"line":8,"column":32},"end":{"line":68,"column":1}},"line":8},"1":{"name":"(anonymous_1)","decl":{"start":{"line":20,"column":30},"end":{"line":20,"column":31}},"loc":{"start":{"line":20,"column":47},"end":{"line":25,"column":5}},"line":20},"2":{"name":"(anonymous_2)","decl":{"start":{"line":36,"column":20},"end":{"line":36,"column":21}},"loc":{"start":{"line":36,"column":30},"end":{"line":36,"column":66}},"line":36},"3":{"name":"(anonymous_3)","decl":{"start":{"line":42,"column":20},"end":{"line":42,"column":21}},"loc":{"start":{"line":42,"column":30},"end":{"line":42,"column":65}},"line":42},"4":{"name":"(anonymous_4)","decl":{"start":{"line":49,"column":20},"end":{"line":49,"column":21}},"loc":{"start":{"line":49,"column":30},"end":{"line":49,"column":62}},"line":49},"5":{"name":"(anonymous_5)","decl":{"start":{"line":56,"column":20},"end":{"line":56,"column":21}},"loc":{"start":{"line":56,"column":30},"end":{"line":56,"column":65}},"line":56},"6":{"name":"(anonymous_6)","decl":{"start":{"line":60,"column":26},"end":{"line":60,"column":27}},"loc":{"start":{"line":60,"column":32},"end":{"line":60,"column":135}},"line":60},"7":{"name":"(anonymous_7)","decl":{"start":{"line":62,"column":25},"end":{"line":62,"column":26}},"loc":{"start":{"line":62,"column":31},"end":{"line":62,"column":59}},"line":62}},"branchMap":{},"s":{"0":0,"1":0,"2":0,"3":0,"4":0,"5":0,"6":0,"7":0,"8":0,"9":0,"10":0,"11":0,"12":0},"f":{"0":0,"1":0,"2":0,"3":0,"4":0,"5":0,"6":0,"7":0},"b":{}}
,"C:\\Users\\aidan\\Desktop\\Projects\\cotern\\pages\\unauthenticatedPages\\LandingPage.js": {"path":"C:\\Users\\aidan\\Desktop\\Projects\\cotern\\pages\\unauthenticatedPages\\LandingPage.js","statementMap":{"0":{"start":{"line":7,"column":20},"end":{"line":28,"column":1}},"1":{"start":{"line":9,"column":23},"end":{"line":9,"column":38}},"2":{"start":{"line":11,"column":4},"end":{"line":27,"column":6}},"3":{"start":{"line":19,"column":47},"end":{"line":19,"column":83}},"4":{"start":{"line":22,"column":49},"end":{"line":22,"column":77}}},"fnMap":{"0":{"name":"(anonymous_0)","decl":{"start":{"line":7,"column":20},"end":{"line":7,"column":21}},"loc":{"start":{"line":7,"column":26},"end":{"line":28,"column":1}},"line":7},"1":{"name":"(anonymous_1)","decl":{"start":{"line":19,"column":41},"end":{"line":19,"column":42}},"loc":{"start":{"line":19,"column":47},"end":{"line":19,"column":83}},"line":19},"2":{"name":"(anonymous_2)","decl":{"start":{"line":22,"column":43},"end":{"line":22,"column":44}},"loc":{"start":{"line":22,"column":49},"end":{"line":22,"column":77}},"line":22}},"branchMap":{},"s":{"0":0,"1":0,"2":0,"3":0,"4":0},"f":{"0":0,"1":0,"2":0},"b":{}}
,"C:\\Users\\aidan\\Desktop\\Projects\\cotern\\pages\\unauthenticatedPages\\LoginPage.js": {"path":"C:\\Users\\aidan\\Desktop\\Projects\\cotern\\pages\\unauthenticatedPages\\LoginPage.js","statementMap":{"0":{"start":{"line":8,"column":18},"end":{"line":54,"column":1}},"1":{"start":{"line":10,"column":38},"end":{"line":10,"column":47}},"2":{"start":{"line":11,"column":23},"end":{"line":11,"column":38}},"3":{"start":{"line":13,"column":36},"end":{"line":16,"column":6}},"4":{"start":{"line":18,"column":30},"end":{"line":23,"column":5}},"5":{"start":{"line":19,"column":8},"end":{"line":22,"column":11}},"6":{"start":{"line":25,"column":4},"end":{"line":53,"column":6}},"7":{"start":{"line":35,"column":48},"end":{"line":35,"column":80}},"8":{"start":{"line":42,"column":48},"end":{"line":42,"column":83}},"9":{"start":{"line":46,"column":47},"end":{"line":46,"column":103}},"10":{"start":{"line":48,"column":49},"end":{"line":48,"column":85}}},"fnMap":{"0":{"name":"(anonymous_0)","decl":{"start":{"line":8,"column":18},"end":{"line":8,"column":19}},"loc":{"start":{"line":8,"column":24},"end":{"line":54,"column":1}},"line":8},"1":{"name":"(anonymous_1)","decl":{"start":{"line":18,"column":30},"end":{"line":18,"column":31}},"loc":{"start":{"line":18,"column":47},"end":{"line":23,"column":5}},"line":18},"2":{"name":"(anonymous_2)","decl":{"start":{"line":35,"column":38},"end":{"line":35,"column":39}},"loc":{"start":{"line":35,"column":48},"end":{"line":35,"column":80}},"line":35},"3":{"name":"(anonymous_3)","decl":{"start":{"line":42,"column":38},"end":{"line":42,"column":39}},"loc":{"start":{"line":42,"column":48},"end":{"line":42,"column":83}},"line":42},"4":{"name":"(anonymous_4)","decl":{"start":{"line":46,"column":41},"end":{"line":46,"column":42}},"loc":{"start":{"line":46,"column":47},"end":{"line":46,"column":103}},"line":46},"5":{"name":"(anonymous_5)","decl":{"start":{"line":48,"column":43},"end":{"line":48,"column":44}},"loc":{"start":{"line":48,"column":49},"end":{"line":48,"column":85}},"line":48}},"branchMap":{},"s":{"0":0,"1":0,"2":0,"3":0,"4":0,"5":0,"6":0,"7":0,"8":0,"9":0,"10":0},"f":{"0":0,"1":0,"2":0,"3":0,"4":0,"5":0},"b":{}}
}
